<?xml version="1.0" encoding="UTF-8"?>
<!-- Generated by org.testng.reporters.JUnitXMLReporter -->
<testsuite ignored="2" hostname="LAPTOP-T0NS83VU" failures="0" tests="2" name="Default test" time="2.308" errors="0" timestamp="2024-06-10T00:07:05 AST">
  <testcase classname="myTestCases9" name="logInTest" time="0.294"/>
  <testcase classname="myTestCases9" name="findAllElementThatHasTheLab" time="0.078"/>
  <testcase classname="myTestCases9" name="addAllItems" time="0.0">
    <ignored/>
  </testcase> <!-- addAllItems -->
  <testcase classname="myTestCases9" name="addOneItemAndSkipTheNextOne" time="0.0">
    <ignored/>
  </testcase> <!-- addOneItemAndSkipTheNextOne -->
</testsuite> <!-- Default test -->
