<?xml version="1.0" encoding="UTF-8"?>
<testng-results ignored="2" total="4" passed="2" failed="0" skipped="0">
  <reporter-output>
  </reporter-output>
  <suite started-at="2024-06-10T00:07:03 AST" name="Default suite" finished-at="2024-06-10T00:07:05 AST" duration-ms="2308">
    <groups>
    </groups>
    <test started-at="2024-06-10T00:07:03 AST" name="Default test" finished-at="2024-06-10T00:07:05 AST" duration-ms="2308">
      <class name="myTestCases9">
        <test-method is-config="true" signature="mySetup()[pri:0, instance:myTestCases9@33b1c5c5]" started-at="2024-06-10T00:07:03 AST" name="mySetup" finished-at="2024-06-10T00:07:05 AST" duration-ms="1897" status="PASS">
          <reporter-output>
          </reporter-output>
        </test-method> <!-- mySetup -->
        <test-method signature="logInTest()[pri:1, instance:myTestCases9@33b1c5c5]" started-at="2024-06-10T00:07:05 AST" name="logInTest" finished-at="2024-06-10T00:07:05 AST" duration-ms="294" status="PASS">
          <reporter-output>
          </reporter-output>
        </test-method> <!-- logInTest -->
        <test-method signature="findAllElementThatHasTheLab()[pri:4, instance:myTestCases9@33b1c5c5]" started-at="2024-06-10T00:07:05 AST" name="findAllElementThatHasTheLab" finished-at="2024-06-10T00:07:05 AST" duration-ms="78" status="PASS">
          <reporter-output>
          </reporter-output>
        </test-method> <!-- findAllElementThatHasTheLab -->
      </class> <!-- myTestCases9 -->
    </test> <!-- Default test -->
  </suite> <!-- Default suite -->
</testng-results>
